<?xml version="1.0" encoding="UTF-8"?>
<robot generator="Robot 3.1.2 (Python 3.8.0 on win32)" generated="20200409 16:59:27.719" rpa="false">
<suite id="s1" name="RegisterMobileId" source="C:\Users\panruethai.e\PycharmProjects\CWNTEST\mobileId\Tests\RegisterMobileId.robot">
<test id="s1-t1" name="Register 1 mobileId Successfully">
<kw name="Send Request getToken" library="keyword_getToken">
<kw name="Create Session" library="RequestsLibrary">
<doc>Create Session: create a HTTP session to a server</doc>
<arguments>
<arg>getTokenSS</arg>
<arg>${base_url}</arg>
</arguments>
<msg timestamp="20200409 16:59:28.555" level="INFO">Creating Session using : alias=getTokenSS, url=http://172.16.24.55:3216, headers={},                     cookies={}, auth=None, timeout=None, proxies=None, verify=False,                     debug=0 </msg>
<status status="PASS" starttime="20200409 16:59:28.555" endtime="20200409 16:59:28.556"></status>
</kw>
<kw name="Create Dictionary" library="BuiltIn">
<doc>Creates and returns a dictionary based on the given ``items``.</doc>
<arguments>
<arg>username=${username}</arg>
<arg>password=${password}</arg>
</arguments>
<assign>
<var>${body}</var>
</assign>
<msg timestamp="20200409 16:59:28.557" level="INFO">${body} = {'username': '001', 'password': 'secret'}</msg>
<status status="PASS" starttime="20200409 16:59:28.556" endtime="20200409 16:59:28.557"></status>
</kw>
<kw name="Create Dictionary" library="BuiltIn">
<doc>Creates and returns a dictionary based on the given ``items``.</doc>
<arguments>
<arg>Content-Type=application/json</arg>
<arg>Content-Type=application/json</arg>
</arguments>
<assign>
<var>${header}</var>
</assign>
<msg timestamp="20200409 16:59:28.557" level="INFO">${header} = {'Content-Type': 'application/json'}</msg>
<status status="PASS" starttime="20200409 16:59:28.557" endtime="20200409 16:59:28.558"></status>
</kw>
<kw name="Post Request" library="RequestsLibrary">
<doc>Send a POST request on the session object found using the
given `alias`</doc>
<arguments>
<arg>getTokenSS</arg>
<arg>/token</arg>
<arg>data=${body}</arg>
<arg>headers=${header}</arg>
</arguments>
<assign>
<var>${response}</var>
</assign>
<msg timestamp="20200409 16:59:28.559" level="INFO">POST Request using : uri=/token, params=None, files=None, allow_redirects=True, timeout=None
headers={'User-Agent': 'python-requests/2.23.0', 'Accept-Encoding': 'gzip, deflate', 'Accept': '*/*', 'Connection': 'keep-alive', 'Content-Type': 'application/json'} 
data={"username": "001", "password": "secret"} 
json=None</msg>
<msg timestamp="20200409 16:59:28.652" level="INFO">${response} = &lt;Response [200]&gt;</msg>
<status status="PASS" starttime="20200409 16:59:28.558" endtime="20200409 16:59:28.652"></status>
</kw>
<kw name="Should Be Equal As Strings" library="BuiltIn">
<doc>Fails if objects are unequal after converting them to strings.</doc>
<arguments>
<arg>${response.status_code}</arg>
<arg>200</arg>
</arguments>
<msg timestamp="20200409 16:59:28.653" level="INFO">Argument types are:
&lt;class 'int'&gt;
&lt;type 'unicode'&gt;</msg>
<status status="PASS" starttime="20200409 16:59:28.652" endtime="20200409 16:59:28.653"></status>
</kw>
<kw name="Convert To String" library="BuiltIn">
<doc>Converts the given item to a Unicode string.</doc>
<arguments>
<arg>${response.content}</arg>
</arguments>
<assign>
<var>${res_body}</var>
</assign>
<msg timestamp="20200409 16:59:28.654" level="INFO">${res_body} = {"access_token":"eyJ0eXAiOiJKV1QiLCJhbGciOiJIUzI1NiJ9.eyJzdWIiOiIwMDEiLCJpYXQiOiIyMDIwLTA0LTA5VDA5OjU5OjI4LjY4NCIsImV4cGlyZWRhdGUiOiIyMDIwLTA0LTA5VDEwOjU5OjI4LjY4NCIsInBoYXNlIjoiNmYwZjIxZWI3MTkzMmEyYm...</msg>
<status status="PASS" starttime="20200409 16:59:28.653" endtime="20200409 16:59:28.654"></status>
</kw>
<kw name="Should Contain" library="BuiltIn">
<doc>Fails if ``container`` does not contain ``item`` one or more times.</doc>
<arguments>
<arg>${res_body}</arg>
<arg>access_token</arg>
</arguments>
<status status="PASS" starttime="20200409 16:59:28.654" endtime="20200409 16:59:28.654"></status>
</kw>
<kw name="Should Contain" library="BuiltIn">
<doc>Fails if ``container`` does not contain ``item`` one or more times.</doc>
<arguments>
<arg>${res_body}</arg>
<arg>"expires_in":3600</arg>
</arguments>
<status status="PASS" starttime="20200409 16:59:28.655" endtime="20200409 16:59:28.655"></status>
</kw>
<kw name="Should Contain" library="BuiltIn">
<doc>Fails if ``container`` does not contain ``item`` one or more times.</doc>
<arguments>
<arg>${res_body}</arg>
<arg>Bearer</arg>
</arguments>
<status status="PASS" starttime="20200409 16:59:28.655" endtime="20200409 16:59:28.656"></status>
</kw>
<kw name="Log To Console" library="BuiltIn">
<doc>Logs the given message to the console.</doc>
<arguments>
<arg>${response.status_code}</arg>
</arguments>
<status status="PASS" starttime="20200409 16:59:28.656" endtime="20200409 16:59:28.657"></status>
</kw>
<kw name="Log To Console" library="BuiltIn">
<doc>Logs the given message to the console.</doc>
<arguments>
<arg>${response.content}</arg>
</arguments>
<status status="PASS" starttime="20200409 16:59:28.657" endtime="20200409 16:59:28.658"></status>
</kw>
<status status="PASS" starttime="20200409 16:59:28.554" endtime="20200409 16:59:28.658"></status>
</kw>
<status status="PASS" starttime="20200409 16:59:28.553" endtime="20200409 16:59:28.659" critical="yes"></status>
</test>
<doc>Suite description</doc>
<status status="PASS" starttime="20200409 16:59:27.755" endtime="20200409 16:59:28.661"></status>
</suite>
<statistics>
<total>
<stat pass="1" fail="0">Critical Tests</stat>
<stat pass="1" fail="0">All Tests</stat>
</total>
<tag>
</tag>
<suite>
<stat pass="1" fail="0" id="s1" name="RegisterMobileId">RegisterMobileId</stat>
</suite>
</statistics>
<errors>
<msg timestamp="20200409 16:59:28.548" level="ERROR">Error in file 'C:\Users\panruethai.e\PycharmProjects\CWNTEST\mobileId\ChainCodeAPI\Resources\keyword_getToken.robot': Importing test library 'HttpLibrary.HTTP' failed: ModuleNotFoundError: No module named 'HttpLibrary'
Traceback (most recent call last):
  None
PYTHONPATH:
  C:\Users\panruethai.e\AppData\Local\Programs\Python\Python38-32\Scripts\robot.exe
  c:\users\panruethai.e\appdata\local\programs\python\python38-32\python38.zip
  c:\users\panruethai.e\appdata\local\programs\python\python38-32\DLLs
  c:\users\panruethai.e\appdata\local\programs\python\python38-32\lib
  c:\users\panruethai.e\appdata\local\programs\python\python38-32
  c:\users\panruethai.e\appdata\local\programs\python\python38-32\lib\site-packages
  c:\users\panruethai.e\appdata\local\programs\python\python38-32\lib\site-packages\win32
  c:\users\panruethai.e\appdata\local\programs\python\python38-32\lib\site-packages\win32\lib
  c:\users\panruethai.e\appdata\local\programs\python\python38-32\lib\site-packages\Pythonwin</msg>
</errors>
</robot>
