<?xml version="1.0" encoding="UTF-8"?>
<robot generator="Robot 3.1.2 (Python 3.8.2 on win32)" generated="20200423 17:46:26.134" rpa="false">
<suite id="s1" name="TCs getToken using ExcelLibrary" source="C:\Users\Strezzo06-PC\PycharmProjects\CWNTEST\mobileId\Tests\TCs_getToken using ExcelLibrary.robot">
<test id="s1-t1" name="Chaincode API_getToken_Issuer_001">
<kw name="Get Values and Modify Spreadsheet" library="ExcelLibrary_getToken">
<kw name="open excel document">
<arguments>
<arg>../TestData/TestData_getToken.xlsx</arg>
</arguments>
<msg timestamp="20200423 17:46:26.773" level="FAIL">No keyword with name 'open excel document' found.</msg>
<status status="FAIL" starttime="20200423 17:46:26.773" endtime="20200423 17:46:26.773"></status>
</kw>
<status status="FAIL" starttime="20200423 17:46:26.767" endtime="20200423 17:46:26.774"></status>
</kw>
<status status="FAIL" starttime="20200423 17:46:26.766" endtime="20200423 17:46:26.774" critical="yes">No keyword with name 'open excel document' found.</status>
</test>
<status status="FAIL" starttime="20200423 17:46:26.134" endtime="20200423 17:46:26.776"></status>
</suite>
<statistics>
<total>
<stat pass="0" fail="1">Critical Tests</stat>
<stat pass="0" fail="1">All Tests</stat>
</total>
<tag>
</tag>
<suite>
<stat pass="0" fail="1" id="s1" name="TCs getToken using ExcelLibrary">TCs getToken using ExcelLibrary</stat>
</suite>
</statistics>
<errors>
<msg timestamp="20200423 17:46:26.478" level="ERROR">Error in file 'C:\Users\Strezzo06-PC\PycharmProjects\CWNTEST\mobileId\Tests\TCs_getToken using ExcelLibrary.robot': Importing test library 'ExcelLibrary' failed: ImportError: cannot import name '__version__' from 'ExcelLibrary.version' (C:\Users\Strezzo06-PC\AppData\Local\Programs\Python\Python38-32\lib\site-packages\ExcelLibrary\version.py)
Traceback (most recent call last):
  File "C:\Users\Strezzo06-PC\AppData\Local\Programs\Python\Python38-32\lib\site-packages\ExcelLibrary\__init__.py", line 17, in &lt;module&gt;
    from ExcelLibrary import ExcelLibrary
  File "C:\Users\Strezzo06-PC\AppData\Local\Programs\Python\Python38-32\lib\site-packages\ExcelLibrary\ExcelLibrary.py", line 27, in &lt;module&gt;
    from .version import __version__
PYTHONPATH:
  C:\Users\Strezzo06-PC\AppData\Local\Programs\Python\Python38-32\Scripts
  C:\Users\Strezzo06-PC\AppData\Local\Programs\Python\Python38-32\python38.zip
  C:\Users\Strezzo06-PC\AppData\Local\Programs\Python\Python38-32\DLLs
  C:\Users\Strezzo06-PC\AppData\Local\Programs\Python\Python38-32\lib
  C:\Users\Strezzo06-PC\AppData\Local\Programs\Python\Python38-32
  C:\Users\Strezzo06-PC\AppData\Local\Programs\Python\Python38-32\lib\site-packages
  C:\Users\Strezzo06-PC\AppData\Local\Programs\Python\Python38-32\lib\site-packages\robotframework_csvlibrary-0.0.2-py3.8.egg</msg>
<msg timestamp="20200423 17:46:26.489" level="ERROR">Error in file 'C:\Users\Strezzo06-PC\PycharmProjects\CWNTEST\mobileId\ChainCodeAPI\Keyword_Excel\ExcelLibrary_getToken.robot': Importing test library 'ExcelLibrary' failed: ImportError: cannot import name '__version__' from 'ExcelLibrary.version' (C:\Users\Strezzo06-PC\AppData\Local\Programs\Python\Python38-32\lib\site-packages\ExcelLibrary\version.py)
Traceback (most recent call last):
  File "C:\Users\Strezzo06-PC\AppData\Local\Programs\Python\Python38-32\lib\site-packages\ExcelLibrary\__init__.py", line 17, in &lt;module&gt;
    from ExcelLibrary import ExcelLibrary
  File "C:\Users\Strezzo06-PC\AppData\Local\Programs\Python\Python38-32\lib\site-packages\ExcelLibrary\ExcelLibrary.py", line 27, in &lt;module&gt;
    from .version import __version__
PYTHONPATH:
  C:\Users\Strezzo06-PC\AppData\Local\Programs\Python\Python38-32\Scripts
  C:\Users\Strezzo06-PC\AppData\Local\Programs\Python\Python38-32\python38.zip
  C:\Users\Strezzo06-PC\AppData\Local\Programs\Python\Python38-32\DLLs
  C:\Users\Strezzo06-PC\AppData\Local\Programs\Python\Python38-32\lib
  C:\Users\Strezzo06-PC\AppData\Local\Programs\Python\Python38-32
  C:\Users\Strezzo06-PC\AppData\Local\Programs\Python\Python38-32\lib\site-packages
  C:\Users\Strezzo06-PC\AppData\Local\Programs\Python\Python38-32\lib\site-packages\robotframework_csvlibrary-0.0.2-py3.8.egg</msg>
</errors>
</robot>
