<?xml version="1.0" encoding="UTF-8"?>
<robot generator="Robot 3.1.2 (Python 3.8.0 on win32)" generated="20200409 21:28:04.624" rpa="false">
<suite id="s1" name="RegisterMobileId" source="C:\Users\panruethai.e\PycharmProjects\CWNTEST\mobileId\Tests\RegisterMobileId.robot">
<test id="s1-t1" name="Register 1 mobileId Successfully">
<kw name="Send Request getToken" library="keyword_getToken">
<kw name="Create Session" library="RequestsLibrary">
<doc>Create Session: create a HTTP session to a server</doc>
<arguments>
<arg>getTokenSS</arg>
<arg>${base_url}</arg>
</arguments>
<msg timestamp="20200409 21:28:05.441" level="INFO">Creating Session using : alias=getTokenSS, url=http://172.16.24.55:3216, headers={},                     cookies={}, auth=None, timeout=None, proxies=None, verify=False,                     debug=0 </msg>
<status status="PASS" starttime="20200409 21:28:05.441" endtime="20200409 21:28:05.442"></status>
</kw>
<kw name="Create Dictionary" library="BuiltIn">
<doc>Creates and returns a dictionary based on the given ``items``.</doc>
<arguments>
<arg>username=${username}</arg>
<arg>password=${password}</arg>
</arguments>
<assign>
<var>${body}</var>
</assign>
<msg timestamp="20200409 21:28:05.443" level="INFO">${body} = {'username': '001', 'password': 'secret'}</msg>
<status status="PASS" starttime="20200409 21:28:05.442" endtime="20200409 21:28:05.443"></status>
</kw>
<kw name="Create Dictionary" library="BuiltIn">
<doc>Creates and returns a dictionary based on the given ``items``.</doc>
<arguments>
<arg>Content-Type=application/json</arg>
</arguments>
<assign>
<var>${header}</var>
</assign>
<msg timestamp="20200409 21:28:05.443" level="INFO">${header} = {'Content-Type': 'application/json'}</msg>
<status status="PASS" starttime="20200409 21:28:05.443" endtime="20200409 21:28:05.444"></status>
</kw>
<kw name="Post Request" library="RequestsLibrary">
<doc>Send a POST request on the session object found using the
given `alias`</doc>
<arguments>
<arg>getTokenSS</arg>
<arg>/token</arg>
<arg>data=${body}</arg>
<arg>headers=${header}</arg>
</arguments>
<assign>
<var>${response}</var>
</assign>
<msg timestamp="20200409 21:28:05.444" level="INFO">POST Request using : uri=/token, params=None, files=None, allow_redirects=True, timeout=None
headers={'User-Agent': 'python-requests/2.23.0', 'Accept-Encoding': 'gzip, deflate', 'Accept': '*/*', 'Connection': 'keep-alive', 'Content-Type': 'application/json'} 
data={"username": "001", "password": "secret"} 
json=None</msg>
<msg timestamp="20200409 21:28:05.538" level="INFO">${response} = &lt;Response [200]&gt;</msg>
<status status="PASS" starttime="20200409 21:28:05.444" endtime="20200409 21:28:05.538"></status>
</kw>
<kw name="Should Be Equal As Strings" library="BuiltIn">
<doc>Fails if objects are unequal after converting them to strings.</doc>
<arguments>
<arg>${response.status_code}</arg>
<arg>200</arg>
</arguments>
<msg timestamp="20200409 21:28:05.539" level="INFO">Argument types are:
&lt;class 'int'&gt;
&lt;type 'unicode'&gt;</msg>
<status status="PASS" starttime="20200409 21:28:05.539" endtime="20200409 21:28:05.539"></status>
</kw>
<kw name="Convert To String" library="BuiltIn">
<doc>Converts the given item to a Unicode string.</doc>
<arguments>
<arg>${response.content}</arg>
</arguments>
<assign>
<var>${res_body}</var>
</assign>
<msg timestamp="20200409 21:28:05.540" level="INFO">${res_body} = {"access_token":"eyJ0eXAiOiJKV1QiLCJhbGciOiJIUzI1NiJ9.eyJzdWIiOiIwMDEiLCJpYXQiOiIyMDIwLTA0LTA5VDE0OjI4OjA1LjYyMCIsImV4cGlyZWRhdGUiOiIyMDIwLTA0LTA5VDE1OjI4OjA1LjYyMSIsInBoYXNlIjoiYWI1MjAzNTk5MzQ0ODljOD...</msg>
<status status="PASS" starttime="20200409 21:28:05.540" endtime="20200409 21:28:05.540"></status>
</kw>
<kw name="Should Contain" library="BuiltIn">
<doc>Fails if ``container`` does not contain ``item`` one or more times.</doc>
<arguments>
<arg>${res_body}</arg>
<arg>access_token</arg>
</arguments>
<status status="PASS" starttime="20200409 21:28:05.540" endtime="20200409 21:28:05.541"></status>
</kw>
<kw name="Should Contain" library="BuiltIn">
<doc>Fails if ``container`` does not contain ``item`` one or more times.</doc>
<arguments>
<arg>${res_body}</arg>
<arg>"expires_in":3600</arg>
</arguments>
<status status="PASS" starttime="20200409 21:28:05.541" endtime="20200409 21:28:05.541"></status>
</kw>
<kw name="Should Contain" library="BuiltIn">
<doc>Fails if ``container`` does not contain ``item`` one or more times.</doc>
<arguments>
<arg>${res_body}</arg>
<arg>Bearer</arg>
</arguments>
<status status="PASS" starttime="20200409 21:28:05.542" endtime="20200409 21:28:05.542"></status>
</kw>
<kw name="Log To Console" library="BuiltIn">
<doc>Logs the given message to the console.</doc>
<arguments>
<arg>${response.status_code}</arg>
</arguments>
<status status="PASS" starttime="20200409 21:28:05.542" endtime="20200409 21:28:05.543"></status>
</kw>
<kw name="Log To Console" library="BuiltIn">
<doc>Logs the given message to the console.</doc>
<arguments>
<arg>${response.content}</arg>
</arguments>
<status status="PASS" starttime="20200409 21:28:05.543" endtime="20200409 21:28:05.544"></status>
</kw>
<status status="PASS" starttime="20200409 21:28:05.440" endtime="20200409 21:28:05.544"></status>
</kw>
<status status="PASS" starttime="20200409 21:28:05.439" endtime="20200409 21:28:05.545" critical="yes"></status>
</test>
<doc>Suite description</doc>
<status status="PASS" starttime="20200409 21:28:04.627" endtime="20200409 21:28:05.547"></status>
</suite>
<statistics>
<total>
<stat pass="1" fail="0">Critical Tests</stat>
<stat pass="1" fail="0">All Tests</stat>
</total>
<tag>
</tag>
<suite>
<stat pass="1" fail="0" id="s1" name="RegisterMobileId">RegisterMobileId</stat>
</suite>
</statistics>
<errors>
<msg timestamp="20200409 21:28:05.433" level="ERROR">Error in file 'C:\Users\panruethai.e\PycharmProjects\CWNTEST\mobileId\ChainCodeAPI\Resources\Issuer\keyword_getToken.robot': Importing test library 'HttpLibrary.HTTP' failed: ModuleNotFoundError: No module named 'HttpLibrary'
Traceback (most recent call last):
  None
PYTHONPATH:
  C:\Users\panruethai.e\AppData\Local\Programs\Python\Python38-32\Scripts\robot.exe
  c:\users\panruethai.e\appdata\local\programs\python\python38-32\python38.zip
  c:\users\panruethai.e\appdata\local\programs\python\python38-32\DLLs
  c:\users\panruethai.e\appdata\local\programs\python\python38-32\lib
  c:\users\panruethai.e\appdata\local\programs\python\python38-32
  c:\users\panruethai.e\appdata\local\programs\python\python38-32\lib\site-packages
  c:\users\panruethai.e\appdata\local\programs\python\python38-32\lib\site-packages\win32
  c:\users\panruethai.e\appdata\local\programs\python\python38-32\lib\site-packages\win32\lib
  c:\users\panruethai.e\appdata\local\programs\python\python38-32\lib\site-packages\Pythonwin</msg>
</errors>
</robot>
